<?xml version="1.0" encoding="UTF-8"?>
<testsuite xmlns:xsi="http://www.w3.org/2001/XMLSchema-instance" xsi:noNamespaceSchemaLocation="https://maven.apache.org/surefire/maven-surefire-plugin/xsd/surefire-test-report.xsd" name="TestSuite" time="36.978" tests="4" errors="0" skipped="2" failures="2">
  <properties>
    <property name="gopherProxySet" value="false"/>
    <property name="awt.toolkit" value="sun.lwawt.macosx.LWCToolkit"/>
    <property name="file.encoding.pkg" value="sun.io"/>
    <property name="java.specification.version" value="1.8"/>
    <property name="sun.cpu.isalist" value=""/>
    <property name="sun.jnu.encoding" value="UTF-8"/>
    <property name="java.class.path" value="/Derrick/SZ/selenium_hupo/target/test-classes:/Derrick/SZ/selenium_hupo/target/classes:/Users/hupo/.m2/repository/org/projectlombok/lombok/1.18.4/lombok-1.18.4.jar:/Users/hupo/.m2/repository/junit/junit/4.12/junit-4.12.jar:/Users/hupo/.m2/repository/org/hamcrest/hamcrest-core/1.3/hamcrest-core-1.3.jar:/Users/hupo/.m2/repository/org/slf4j/slf4j-api/1.7.25/slf4j-api-1.7.25.jar:/Users/hupo/.m2/repository/org/apache/logging/log4j/log4j-api/2.11.1/log4j-api-2.11.1.jar:/Users/hupo/.m2/repository/org/apache/logging/log4j/log4j-core/2.11.1/log4j-core-2.11.1.jar:/Users/hupo/.m2/repository/org/apache/logging/log4j/log4j-slf4j-impl/2.11.1/log4j-slf4j-impl-2.11.1.jar:/Users/hupo/.m2/repository/org/testng/testng/6.14.3/testng-6.14.3.jar:/Users/hupo/.m2/repository/com/beust/jcommander/1.72/jcommander-1.72.jar:/Users/hupo/.m2/repository/org/apache-extras/beanshell/bsh/2.0b6/bsh-2.0b6.jar:/Users/hupo/.m2/repository/org/seleniumhq/selenium/selenium-java/3.141.59/selenium-java-3.141.59.jar:/Users/hupo/.m2/repository/org/seleniumhq/selenium/selenium-api/3.141.59/selenium-api-3.141.59.jar:/Users/hupo/.m2/repository/org/seleniumhq/selenium/selenium-chrome-driver/3.141.59/selenium-chrome-driver-3.141.59.jar:/Users/hupo/.m2/repository/org/seleniumhq/selenium/selenium-edge-driver/3.141.59/selenium-edge-driver-3.141.59.jar:/Users/hupo/.m2/repository/org/seleniumhq/selenium/selenium-firefox-driver/3.141.59/selenium-firefox-driver-3.141.59.jar:/Users/hupo/.m2/repository/org/seleniumhq/selenium/selenium-ie-driver/3.141.59/selenium-ie-driver-3.141.59.jar:/Users/hupo/.m2/repository/org/seleniumhq/selenium/selenium-opera-driver/3.141.59/selenium-opera-driver-3.141.59.jar:/Users/hupo/.m2/repository/org/seleniumhq/selenium/selenium-remote-driver/3.141.59/selenium-remote-driver-3.141.59.jar:/Users/hupo/.m2/repository/org/seleniumhq/selenium/selenium-safari-driver/3.141.59/selenium-safari-driver-3.141.59.jar:/Users/hupo/.m2/repository/org/seleniumhq/selenium/selenium-support/3.141.59/selenium-support-3.141.59.jar:/Users/hupo/.m2/repository/net/bytebuddy/byte-buddy/1.8.15/byte-buddy-1.8.15.jar:/Users/hupo/.m2/repository/org/apache/commons/commons-exec/1.3/commons-exec-1.3.jar:/Users/hupo/.m2/repository/com/google/guava/guava/25.0-jre/guava-25.0-jre.jar:/Users/hupo/.m2/repository/com/google/code/findbugs/jsr305/1.3.9/jsr305-1.3.9.jar:/Users/hupo/.m2/repository/org/checkerframework/checker-compat-qual/2.0.0/checker-compat-qual-2.0.0.jar:/Users/hupo/.m2/repository/com/google/errorprone/error_prone_annotations/2.1.3/error_prone_annotations-2.1.3.jar:/Users/hupo/.m2/repository/com/google/j2objc/j2objc-annotations/1.1/j2objc-annotations-1.1.jar:/Users/hupo/.m2/repository/org/codehaus/mojo/animal-sniffer-annotations/1.14/animal-sniffer-annotations-1.14.jar:/Users/hupo/.m2/repository/com/squareup/okhttp3/okhttp/3.11.0/okhttp-3.11.0.jar:/Users/hupo/.m2/repository/com/squareup/okio/okio/1.14.0/okio-1.14.0.jar:/Users/hupo/.m2/repository/net/sourceforge/htmlunit/htmlunit/2.30/htmlunit-2.30.jar:/Users/hupo/.m2/repository/xalan/xalan/2.7.2/xalan-2.7.2.jar:/Users/hupo/.m2/repository/xalan/serializer/2.7.2/serializer-2.7.2.jar:/Users/hupo/.m2/repository/org/apache/commons/commons-lang3/3.7/commons-lang3-3.7.jar:/Users/hupo/.m2/repository/org/apache/commons/commons-text/1.3/commons-text-1.3.jar:/Users/hupo/.m2/repository/org/apache/httpcomponents/httpmime/4.5.5/httpmime-4.5.5.jar:/Users/hupo/.m2/repository/net/sourceforge/htmlunit/htmlunit-core-js/2.28/htmlunit-core-js-2.28.jar:/Users/hupo/.m2/repository/net/sourceforge/htmlunit/neko-htmlunit/2.30/neko-htmlunit-2.30.jar:/Users/hupo/.m2/repository/xerces/xercesImpl/2.11.0/xercesImpl-2.11.0.jar:/Users/hupo/.m2/repository/xml-apis/xml-apis/1.4.01/xml-apis-1.4.01.jar:/Users/hupo/.m2/repository/net/sourceforge/htmlunit/htmlunit-cssparser/1.0.0/htmlunit-cssparser-1.0.0.jar:/Users/hupo/.m2/repository/commons-io/commons-io/2.6/commons-io-2.6.jar:/Users/hupo/.m2/repository/commons-logging/commons-logging/1.2/commons-logging-1.2.jar:/Users/hupo/.m2/repository/commons-net/commons-net/3.6/commons-net-3.6.jar:/Users/hupo/.m2/repository/org/eclipse/jetty/websocket/websocket-client/9.4.9.v20180320/websocket-client-9.4.9.v20180320.jar:/Users/hupo/.m2/repository/org/eclipse/jetty/jetty-client/9.4.9.v20180320/jetty-client-9.4.9.v20180320.jar:/Users/hupo/.m2/repository/org/eclipse/jetty/jetty-http/9.4.9.v20180320/jetty-http-9.4.9.v20180320.jar:/Users/hupo/.m2/repository/org/eclipse/jetty/jetty-xml/9.4.9.v20180320/jetty-xml-9.4.9.v20180320.jar:/Users/hupo/.m2/repository/org/eclipse/jetty/jetty-util/9.4.9.v20180320/jetty-util-9.4.9.v20180320.jar:/Users/hupo/.m2/repository/org/eclipse/jetty/jetty-io/9.4.9.v20180320/jetty-io-9.4.9.v20180320.jar:/Users/hupo/.m2/repository/org/eclipse/jetty/websocket/websocket-common/9.4.9.v20180320/websocket-common-9.4.9.v20180320.jar:/Users/hupo/.m2/repository/org/eclipse/jetty/websocket/websocket-api/9.4.9.v20180320/websocket-api-9.4.9.v20180320.jar:/Users/hupo/.m2/repository/com/aventstack/extentreports/3.0.7/extentreports-3.0.7.jar:/Users/hupo/.m2/repository/org/freemarker/freemarker/2.3.23/freemarker-2.3.23.jar:/Users/hupo/.m2/repository/org/mongodb/mongodb-driver/3.3.0/mongodb-driver-3.3.0.jar:/Users/hupo/.m2/repository/org/mongodb/bson/3.3.0/bson-3.3.0.jar:/Users/hupo/.m2/repository/org/mongodb/mongodb-driver-core/3.3.0/mongodb-driver-core-3.3.0.jar:/Users/hupo/.m2/repository/org/jsoup/jsoup/1.9.2/jsoup-1.9.2.jar:/Users/hupo/.m2/repository/org/apache/commons/commons-pool2/2.6.1/commons-pool2-2.6.1.jar:/Users/hupo/.m2/repository/redis/clients/jedis/3.0.1/jedis-3.0.1.jar:/Users/hupo/.m2/repository/org/apache/poi/poi/4.1.0/poi-4.1.0.jar:/Users/hupo/.m2/repository/commons-codec/commons-codec/1.12/commons-codec-1.12.jar:/Users/hupo/.m2/repository/org/apache/commons/commons-collections4/4.3/commons-collections4-4.3.jar:/Users/hupo/.m2/repository/org/apache/commons/commons-math3/3.6.1/commons-math3-3.6.1.jar:/Users/hupo/.m2/repository/org/apache/poi/poi-ooxml/4.1.0/poi-ooxml-4.1.0.jar:/Users/hupo/.m2/repository/org/apache/poi/poi-ooxml-schemas/4.1.0/poi-ooxml-schemas-4.1.0.jar:/Users/hupo/.m2/repository/org/apache/xmlbeans/xmlbeans/3.1.0/xmlbeans-3.1.0.jar:/Users/hupo/.m2/repository/org/apache/commons/commons-compress/1.18/commons-compress-1.18.jar:/Users/hupo/.m2/repository/com/github/virtuald/curvesapi/1.06/curvesapi-1.06.jar:/Users/hupo/.m2/repository/org/apache/httpcomponents/httpclient/4.5.9/httpclient-4.5.9.jar:/Users/hupo/.m2/repository/org/apache/httpcomponents/httpcore/4.4.11/httpcore-4.4.11.jar:/Users/hupo/.m2/repository/com/google/code/gson/gson/2.8.5/gson-2.8.5.jar:/Users/hupo/.m2/repository/io/qameta/allure/allure-testng/2.13.5/allure-testng-2.13.5.jar:/Users/hupo/.m2/repository/io/qameta/allure/allure-java-commons/2.13.5/allure-java-commons-2.13.5.jar:/Users/hupo/.m2/repository/io/qameta/allure/allure-model/2.13.5/allure-model-2.13.5.jar:/Users/hupo/.m2/repository/com/fasterxml/jackson/core/jackson-databind/2.9.8/jackson-databind-2.9.8.jar:/Users/hupo/.m2/repository/com/fasterxml/jackson/core/jackson-annotations/2.9.0/jackson-annotations-2.9.0.jar:/Users/hupo/.m2/repository/com/fasterxml/jackson/core/jackson-core/2.9.8/jackson-core-2.9.8.jar:/Users/hupo/.m2/repository/org/apache/tika/tika-core/1.20/tika-core-1.20.jar:/Users/hupo/.m2/repository/org/jooq/joor-java-8/0.9.10/joor-java-8-0.9.10.jar:"/>
    <property name="java.vm.vendor" value="Oracle Corporation"/>
    <property name="sun.arch.data.model" value="64"/>
    <property name="java.vendor.url" value="http://java.oracle.com/"/>
    <property name="user.timezone" value=""/>
    <property name="java.vm.specification.version" value="1.8"/>
    <property name="os.name" value="Mac OS X"/>
    <property name="user.country" value="CN"/>
    <property name="sun.java.launcher" value="SUN_STANDARD"/>
    <property name="sun.boot.library.path" value="/Library/Java/JavaVirtualMachines/jdk1.8.0_181.jdk/Contents/Home/jre/lib"/>
    <property name="sun.java.command" value="/Derrick/SZ/selenium_hupo/target/surefire/surefirebooter3734413284529510504.jar /Derrick/SZ/selenium_hupo/target/surefire 2021-02-24T13-03-33_792-jvmRun1 surefire4142957434668465729tmp surefire_01952498360306613734tmp"/>
    <property name="surefire.test.class.path" value="/Derrick/SZ/selenium_hupo/target/test-classes:/Derrick/SZ/selenium_hupo/target/classes:/Users/hupo/.m2/repository/org/projectlombok/lombok/1.18.4/lombok-1.18.4.jar:/Users/hupo/.m2/repository/junit/junit/4.12/junit-4.12.jar:/Users/hupo/.m2/repository/org/hamcrest/hamcrest-core/1.3/hamcrest-core-1.3.jar:/Users/hupo/.m2/repository/org/slf4j/slf4j-api/1.7.25/slf4j-api-1.7.25.jar:/Users/hupo/.m2/repository/org/apache/logging/log4j/log4j-api/2.11.1/log4j-api-2.11.1.jar:/Users/hupo/.m2/repository/org/apache/logging/log4j/log4j-core/2.11.1/log4j-core-2.11.1.jar:/Users/hupo/.m2/repository/org/apache/logging/log4j/log4j-slf4j-impl/2.11.1/log4j-slf4j-impl-2.11.1.jar:/Users/hupo/.m2/repository/org/testng/testng/6.14.3/testng-6.14.3.jar:/Users/hupo/.m2/repository/com/beust/jcommander/1.72/jcommander-1.72.jar:/Users/hupo/.m2/repository/org/apache-extras/beanshell/bsh/2.0b6/bsh-2.0b6.jar:/Users/hupo/.m2/repository/org/seleniumhq/selenium/selenium-java/3.141.59/selenium-java-3.141.59.jar:/Users/hupo/.m2/repository/org/seleniumhq/selenium/selenium-api/3.141.59/selenium-api-3.141.59.jar:/Users/hupo/.m2/repository/org/seleniumhq/selenium/selenium-chrome-driver/3.141.59/selenium-chrome-driver-3.141.59.jar:/Users/hupo/.m2/repository/org/seleniumhq/selenium/selenium-edge-driver/3.141.59/selenium-edge-driver-3.141.59.jar:/Users/hupo/.m2/repository/org/seleniumhq/selenium/selenium-firefox-driver/3.141.59/selenium-firefox-driver-3.141.59.jar:/Users/hupo/.m2/repository/org/seleniumhq/selenium/selenium-ie-driver/3.141.59/selenium-ie-driver-3.141.59.jar:/Users/hupo/.m2/repository/org/seleniumhq/selenium/selenium-opera-driver/3.141.59/selenium-opera-driver-3.141.59.jar:/Users/hupo/.m2/repository/org/seleniumhq/selenium/selenium-remote-driver/3.141.59/selenium-remote-driver-3.141.59.jar:/Users/hupo/.m2/repository/org/seleniumhq/selenium/selenium-safari-driver/3.141.59/selenium-safari-driver-3.141.59.jar:/Users/hupo/.m2/repository/org/seleniumhq/selenium/selenium-support/3.141.59/selenium-support-3.141.59.jar:/Users/hupo/.m2/repository/net/bytebuddy/byte-buddy/1.8.15/byte-buddy-1.8.15.jar:/Users/hupo/.m2/repository/org/apache/commons/commons-exec/1.3/commons-exec-1.3.jar:/Users/hupo/.m2/repository/com/google/guava/guava/25.0-jre/guava-25.0-jre.jar:/Users/hupo/.m2/repository/com/google/code/findbugs/jsr305/1.3.9/jsr305-1.3.9.jar:/Users/hupo/.m2/repository/org/checkerframework/checker-compat-qual/2.0.0/checker-compat-qual-2.0.0.jar:/Users/hupo/.m2/repository/com/google/errorprone/error_prone_annotations/2.1.3/error_prone_annotations-2.1.3.jar:/Users/hupo/.m2/repository/com/google/j2objc/j2objc-annotations/1.1/j2objc-annotations-1.1.jar:/Users/hupo/.m2/repository/org/codehaus/mojo/animal-sniffer-annotations/1.14/animal-sniffer-annotations-1.14.jar:/Users/hupo/.m2/repository/com/squareup/okhttp3/okhttp/3.11.0/okhttp-3.11.0.jar:/Users/hupo/.m2/repository/com/squareup/okio/okio/1.14.0/okio-1.14.0.jar:/Users/hupo/.m2/repository/net/sourceforge/htmlunit/htmlunit/2.30/htmlunit-2.30.jar:/Users/hupo/.m2/repository/xalan/xalan/2.7.2/xalan-2.7.2.jar:/Users/hupo/.m2/repository/xalan/serializer/2.7.2/serializer-2.7.2.jar:/Users/hupo/.m2/repository/org/apache/commons/commons-lang3/3.7/commons-lang3-3.7.jar:/Users/hupo/.m2/repository/org/apache/commons/commons-text/1.3/commons-text-1.3.jar:/Users/hupo/.m2/repository/org/apache/httpcomponents/httpmime/4.5.5/httpmime-4.5.5.jar:/Users/hupo/.m2/repository/net/sourceforge/htmlunit/htmlunit-core-js/2.28/htmlunit-core-js-2.28.jar:/Users/hupo/.m2/repository/net/sourceforge/htmlunit/neko-htmlunit/2.30/neko-htmlunit-2.30.jar:/Users/hupo/.m2/repository/xerces/xercesImpl/2.11.0/xercesImpl-2.11.0.jar:/Users/hupo/.m2/repository/xml-apis/xml-apis/1.4.01/xml-apis-1.4.01.jar:/Users/hupo/.m2/repository/net/sourceforge/htmlunit/htmlunit-cssparser/1.0.0/htmlunit-cssparser-1.0.0.jar:/Users/hupo/.m2/repository/commons-io/commons-io/2.6/commons-io-2.6.jar:/Users/hupo/.m2/repository/commons-logging/commons-logging/1.2/commons-logging-1.2.jar:/Users/hupo/.m2/repository/commons-net/commons-net/3.6/commons-net-3.6.jar:/Users/hupo/.m2/repository/org/eclipse/jetty/websocket/websocket-client/9.4.9.v20180320/websocket-client-9.4.9.v20180320.jar:/Users/hupo/.m2/repository/org/eclipse/jetty/jetty-client/9.4.9.v20180320/jetty-client-9.4.9.v20180320.jar:/Users/hupo/.m2/repository/org/eclipse/jetty/jetty-http/9.4.9.v20180320/jetty-http-9.4.9.v20180320.jar:/Users/hupo/.m2/repository/org/eclipse/jetty/jetty-xml/9.4.9.v20180320/jetty-xml-9.4.9.v20180320.jar:/Users/hupo/.m2/repository/org/eclipse/jetty/jetty-util/9.4.9.v20180320/jetty-util-9.4.9.v20180320.jar:/Users/hupo/.m2/repository/org/eclipse/jetty/jetty-io/9.4.9.v20180320/jetty-io-9.4.9.v20180320.jar:/Users/hupo/.m2/repository/org/eclipse/jetty/websocket/websocket-common/9.4.9.v20180320/websocket-common-9.4.9.v20180320.jar:/Users/hupo/.m2/repository/org/eclipse/jetty/websocket/websocket-api/9.4.9.v20180320/websocket-api-9.4.9.v20180320.jar:/Users/hupo/.m2/repository/com/aventstack/extentreports/3.0.7/extentreports-3.0.7.jar:/Users/hupo/.m2/repository/org/freemarker/freemarker/2.3.23/freemarker-2.3.23.jar:/Users/hupo/.m2/repository/org/mongodb/mongodb-driver/3.3.0/mongodb-driver-3.3.0.jar:/Users/hupo/.m2/repository/org/mongodb/bson/3.3.0/bson-3.3.0.jar:/Users/hupo/.m2/repository/org/mongodb/mongodb-driver-core/3.3.0/mongodb-driver-core-3.3.0.jar:/Users/hupo/.m2/repository/org/jsoup/jsoup/1.9.2/jsoup-1.9.2.jar:/Users/hupo/.m2/repository/org/apache/commons/commons-pool2/2.6.1/commons-pool2-2.6.1.jar:/Users/hupo/.m2/repository/redis/clients/jedis/3.0.1/jedis-3.0.1.jar:/Users/hupo/.m2/repository/org/apache/poi/poi/4.1.0/poi-4.1.0.jar:/Users/hupo/.m2/repository/commons-codec/commons-codec/1.12/commons-codec-1.12.jar:/Users/hupo/.m2/repository/org/apache/commons/commons-collections4/4.3/commons-collections4-4.3.jar:/Users/hupo/.m2/repository/org/apache/commons/commons-math3/3.6.1/commons-math3-3.6.1.jar:/Users/hupo/.m2/repository/org/apache/poi/poi-ooxml/4.1.0/poi-ooxml-4.1.0.jar:/Users/hupo/.m2/repository/org/apache/poi/poi-ooxml-schemas/4.1.0/poi-ooxml-schemas-4.1.0.jar:/Users/hupo/.m2/repository/org/apache/xmlbeans/xmlbeans/3.1.0/xmlbeans-3.1.0.jar:/Users/hupo/.m2/repository/org/apache/commons/commons-compress/1.18/commons-compress-1.18.jar:/Users/hupo/.m2/repository/com/github/virtuald/curvesapi/1.06/curvesapi-1.06.jar:/Users/hupo/.m2/repository/org/apache/httpcomponents/httpclient/4.5.9/httpclient-4.5.9.jar:/Users/hupo/.m2/repository/org/apache/httpcomponents/httpcore/4.4.11/httpcore-4.4.11.jar:/Users/hupo/.m2/repository/com/google/code/gson/gson/2.8.5/gson-2.8.5.jar:/Users/hupo/.m2/repository/io/qameta/allure/allure-testng/2.13.5/allure-testng-2.13.5.jar:/Users/hupo/.m2/repository/io/qameta/allure/allure-java-commons/2.13.5/allure-java-commons-2.13.5.jar:/Users/hupo/.m2/repository/io/qameta/allure/allure-model/2.13.5/allure-model-2.13.5.jar:/Users/hupo/.m2/repository/com/fasterxml/jackson/core/jackson-databind/2.9.8/jackson-databind-2.9.8.jar:/Users/hupo/.m2/repository/com/fasterxml/jackson/core/jackson-annotations/2.9.0/jackson-annotations-2.9.0.jar:/Users/hupo/.m2/repository/com/fasterxml/jackson/core/jackson-core/2.9.8/jackson-core-2.9.8.jar:/Users/hupo/.m2/repository/org/apache/tika/tika-core/1.20/tika-core-1.20.jar:/Users/hupo/.m2/repository/org/jooq/joor-java-8/0.9.10/joor-java-8-0.9.10.jar:"/>
    <property name="sun.cpu.endian" value="little"/>
    <property name="user.home" value="/Users/hupo"/>
    <property name="user.language" value="zh"/>
    <property name="java.specification.vendor" value="Oracle Corporation"/>
    <property name="java.home" value="/Library/Java/JavaVirtualMachines/jdk1.8.0_181.jdk/Contents/Home/jre"/>
    <property name="basedir" value="/Derrick/SZ/selenium_hupo"/>
    <property name="file.separator" value="/"/>
    <property name="line.separator" value="&#10;"/>
    <property name="java.vm.specification.vendor" value="Oracle Corporation"/>
    <property name="java.specification.name" value="Java Platform API Specification"/>
    <property name="java.awt.graphicsenv" value="sun.awt.CGraphicsEnvironment"/>
    <property name="surefire.real.class.path" value="/Derrick/SZ/selenium_hupo/target/surefire/surefirebooter3734413284529510504.jar"/>
    <property name="sun.boot.class.path" value="/Library/Java/JavaVirtualMachines/jdk1.8.0_181.jdk/Contents/Home/jre/lib/resources.jar:/Library/Java/JavaVirtualMachines/jdk1.8.0_181.jdk/Contents/Home/jre/lib/rt.jar:/Library/Java/JavaVirtualMachines/jdk1.8.0_181.jdk/Contents/Home/jre/lib/sunrsasign.jar:/Library/Java/JavaVirtualMachines/jdk1.8.0_181.jdk/Contents/Home/jre/lib/jsse.jar:/Library/Java/JavaVirtualMachines/jdk1.8.0_181.jdk/Contents/Home/jre/lib/jce.jar:/Library/Java/JavaVirtualMachines/jdk1.8.0_181.jdk/Contents/Home/jre/lib/charsets.jar:/Library/Java/JavaVirtualMachines/jdk1.8.0_181.jdk/Contents/Home/jre/lib/jfr.jar:/Library/Java/JavaVirtualMachines/jdk1.8.0_181.jdk/Contents/Home/jre/classes"/>
    <property name="sun.management.compiler" value="HotSpot 64-Bit Tiered Compilers"/>
    <property name="java.runtime.version" value="1.8.0_181-b13"/>
    <property name="user.name" value="hupo"/>
    <property name="path.separator" value=":"/>
    <property name="os.version" value="10.14.6"/>
    <property name="java.endorsed.dirs" value="/Library/Java/JavaVirtualMachines/jdk1.8.0_181.jdk/Contents/Home/jre/lib/endorsed"/>
    <property name="java.runtime.name" value="Java(TM) SE Runtime Environment"/>
    <property name="file.encoding" value="UTF-8"/>
    <property name="java.vm.name" value="Java HotSpot(TM) 64-Bit Server VM"/>
    <property name="localRepository" value="/Users/hupo/.m2/repository"/>
    <property name="java.vendor.url.bug" value="http://bugreport.sun.com/bugreport/"/>
    <property name="java.io.tmpdir" value="/var/folders/1y/pp3cf5693d3_3swcx3xwwxgh0000gn/T/"/>
    <property name="idea.version" value="2020.3.2"/>
    <property name="java.version" value="1.8.0_181"/>
    <property name="user.dir" value="/Derrick/SZ/selenium_hupo"/>
    <property name="os.arch" value="x86_64"/>
    <property name="java.vm.specification.name" value="Java Virtual Machine Specification"/>
    <property name="java.awt.printerjob" value="sun.lwawt.macosx.CPrinterJob"/>
    <property name="sun.os.patch.level" value="unknown"/>
    <property name="java.library.path" value="/Users/hupo/Library/Java/Extensions:/Library/Java/Extensions:/Network/Library/Java/Extensions:/System/Library/Java/Extensions:/usr/lib/java:."/>
    <property name="java.vm.info" value="mixed mode"/>
    <property name="java.vendor" value="Oracle Corporation"/>
    <property name="java.vm.version" value="25.181-b13"/>
    <property name="java.ext.dirs" value="/Users/hupo/Library/Java/Extensions:/Library/Java/JavaVirtualMachines/jdk1.8.0_181.jdk/Contents/Home/jre/lib/ext:/Library/Java/Extensions:/Network/Library/Java/Extensions:/System/Library/Java/Extensions:/usr/lib/java"/>
    <property name="sun.io.unicode.encoding" value="UnicodeBig"/>
    <property name="java.class.version" value="52.0"/>
  </properties>
  <testcase name="beforeTest" classname="com.abcnull.testcase.BaiduTest" time="16.273">
    <failure message="The driver is not executable: /Derrick/SZ/selenium_hupo/target/test-classes/drivers/chromedriver" type="java.lang.IllegalStateException">java.lang.IllegalStateException: The driver is not executable: /Derrick/SZ/selenium_hupo/target/test-classes/drivers/chromedriver
</failure>
    <system-out><![CDATA[[TestNG] [WARN] AnnotationTransformer already set
[TestNG] [WARN] Ignoring duplicate listener : com.abcnull.listener.TestLogListener
[TestNG] [WARN] Ignoring duplicate listener : com.abcnull.listener.TestReportListener
[TestNG] [WARN] Ignoring duplicate listener : com.abcnull.listener.ExtentTestReporterListener
testSearch Priority = 100000001
**       **       **  ******  *****   **     **  ***
  *     *  *     *    *       *   *    *     *    *
   *   *    *   *     *****   ******   *     *    *
    * *      * *      *       *    *   *     *    *
     *        *       ******  ******   *******   ***

  *******  ******  ******  *******        **     ***
     *     *       *          *         *  *      *
     *     *****   ******     *       ********    *
     *     *            *     *            *      *
     *     ******  ******     *            *    ***
2021-02-24 13:03:45.180 [main-36] INFO  com.abcnull.util.PropertiesReader.readProperties - 读取项目配置文件
2021-02-24 13:03:45.187 [main-59] INFO  com.abcnull.util.RedisUtil.initJedisPool - 开始初始化 redis 连接池
2021-02-24 13:03:45.188 [main-67] ERROR com.abcnull.util.RedisUtil.initJedisPool - redis 连接池生成失败！
2021-02-24 13:03:45.191 [TestNG-tests-1-26] INFO  com.abcnull.listener.TestLogListener.onStart - ====================百度测试开始====================
2021-02-24 13:03:45.199 [TestNG-tests-1-91] ERROR com.abcnull.util.RedisUtil.initJedis - 从连接池中生成一个新的连接失败！
]]></system-out>
  </testcase>
  <testcase name="beforeClass" classname="com.abcnull.testcase.BaiduTest" time="0">
    <skipped/>
  </testcase>
  <testcase name="testSearch" classname="com.abcnull.testcase.BaiduTest" time="0">
    <skipped message="The driver is not executable: /Derrick/SZ/selenium_hupo/target/test-classes/drivers/chromedriver"/>
    <system-out><![CDATA[2021-02-24 13:03:55.426 [TestNG-tests-1-72] INFO  com.abcnull.listener.TestLogListener.onTestSkipped - ========com.abcnull.testcase.BaiduTest.testSearch跳过测试========
]]></system-out>
  </testcase>
  <testcase name="afterTest" classname="com.abcnull.testcase.BaiduTest" time="26.309">
    <failure type="java.lang.NullPointerException">java.lang.NullPointerException
</failure>
  </testcase>
</testsuite>