<?xml version="1.0" encoding="UTF-8"?>
<testsuite xmlns:xsi="http://www.w3.org/2001/XMLSchema-instance" xsi:noNamespaceSchemaLocation="https://maven.apache.org/surefire/maven-surefire-plugin/xsd/surefire-test-report.xsd" name="TestSuite" time="43.54" tests="1" errors="0" skipped="0" failures="1">
  <properties>
    <property name="gopherProxySet" value="false"/>
    <property name="awt.toolkit" value="sun.lwawt.macosx.LWCToolkit"/>
    <property name="file.encoding.pkg" value="sun.io"/>
    <property name="java.specification.version" value="1.8"/>
    <property name="sun.cpu.isalist" value=""/>
    <property name="sun.jnu.encoding" value="UTF-8"/>
    <property name="java.class.path" value="/Derrick/SZ/selenium_hupo/target/test-classes:/Derrick/SZ/selenium_hupo/target/classes:/Users/hupo/.m2/repository/org/projectlombok/lombok/1.18.4/lombok-1.18.4.jar:/Users/hupo/.m2/repository/junit/junit/4.12/junit-4.12.jar:/Users/hupo/.m2/repository/org/hamcrest/hamcrest-core/1.3/hamcrest-core-1.3.jar:/Users/hupo/.m2/repository/org/slf4j/slf4j-api/1.7.25/slf4j-api-1.7.25.jar:/Users/hupo/.m2/repository/org/apache/logging/log4j/log4j-api/2.11.1/log4j-api-2.11.1.jar:/Users/hupo/.m2/repository/org/apache/logging/log4j/log4j-core/2.11.1/log4j-core-2.11.1.jar:/Users/hupo/.m2/repository/org/apache/logging/log4j/log4j-slf4j-impl/2.11.1/log4j-slf4j-impl-2.11.1.jar:/Users/hupo/.m2/repository/org/testng/testng/6.14.3/testng-6.14.3.jar:/Users/hupo/.m2/repository/com/beust/jcommander/1.72/jcommander-1.72.jar:/Users/hupo/.m2/repository/org/apache-extras/beanshell/bsh/2.0b6/bsh-2.0b6.jar:/Users/hupo/.m2/repository/org/seleniumhq/selenium/selenium-java/3.141.59/selenium-java-3.141.59.jar:/Users/hupo/.m2/repository/org/seleniumhq/selenium/selenium-api/3.141.59/selenium-api-3.141.59.jar:/Users/hupo/.m2/repository/org/seleniumhq/selenium/selenium-chrome-driver/3.141.59/selenium-chrome-driver-3.141.59.jar:/Users/hupo/.m2/repository/org/seleniumhq/selenium/selenium-edge-driver/3.141.59/selenium-edge-driver-3.141.59.jar:/Users/hupo/.m2/repository/org/seleniumhq/selenium/selenium-firefox-driver/3.141.59/selenium-firefox-driver-3.141.59.jar:/Users/hupo/.m2/repository/org/seleniumhq/selenium/selenium-ie-driver/3.141.59/selenium-ie-driver-3.141.59.jar:/Users/hupo/.m2/repository/org/seleniumhq/selenium/selenium-opera-driver/3.141.59/selenium-opera-driver-3.141.59.jar:/Users/hupo/.m2/repository/org/seleniumhq/selenium/selenium-remote-driver/3.141.59/selenium-remote-driver-3.141.59.jar:/Users/hupo/.m2/repository/org/seleniumhq/selenium/selenium-safari-driver/3.141.59/selenium-safari-driver-3.141.59.jar:/Users/hupo/.m2/repository/org/seleniumhq/selenium/selenium-support/3.141.59/selenium-support-3.141.59.jar:/Users/hupo/.m2/repository/net/bytebuddy/byte-buddy/1.8.15/byte-buddy-1.8.15.jar:/Users/hupo/.m2/repository/org/apache/commons/commons-exec/1.3/commons-exec-1.3.jar:/Users/hupo/.m2/repository/com/google/guava/guava/25.0-jre/guava-25.0-jre.jar:/Users/hupo/.m2/repository/com/google/code/findbugs/jsr305/1.3.9/jsr305-1.3.9.jar:/Users/hupo/.m2/repository/org/checkerframework/checker-compat-qual/2.0.0/checker-compat-qual-2.0.0.jar:/Users/hupo/.m2/repository/com/google/errorprone/error_prone_annotations/2.1.3/error_prone_annotations-2.1.3.jar:/Users/hupo/.m2/repository/com/google/j2objc/j2objc-annotations/1.1/j2objc-annotations-1.1.jar:/Users/hupo/.m2/repository/org/codehaus/mojo/animal-sniffer-annotations/1.14/animal-sniffer-annotations-1.14.jar:/Users/hupo/.m2/repository/com/squareup/okhttp3/okhttp/3.11.0/okhttp-3.11.0.jar:/Users/hupo/.m2/repository/com/squareup/okio/okio/1.14.0/okio-1.14.0.jar:/Users/hupo/.m2/repository/net/sourceforge/htmlunit/htmlunit/2.30/htmlunit-2.30.jar:/Users/hupo/.m2/repository/xalan/xalan/2.7.2/xalan-2.7.2.jar:/Users/hupo/.m2/repository/xalan/serializer/2.7.2/serializer-2.7.2.jar:/Users/hupo/.m2/repository/org/apache/commons/commons-lang3/3.7/commons-lang3-3.7.jar:/Users/hupo/.m2/repository/org/apache/commons/commons-text/1.3/commons-text-1.3.jar:/Users/hupo/.m2/repository/org/apache/httpcomponents/httpmime/4.5.5/httpmime-4.5.5.jar:/Users/hupo/.m2/repository/net/sourceforge/htmlunit/htmlunit-core-js/2.28/htmlunit-core-js-2.28.jar:/Users/hupo/.m2/repository/net/sourceforge/htmlunit/neko-htmlunit/2.30/neko-htmlunit-2.30.jar:/Users/hupo/.m2/repository/xerces/xercesImpl/2.11.0/xercesImpl-2.11.0.jar:/Users/hupo/.m2/repository/xml-apis/xml-apis/1.4.01/xml-apis-1.4.01.jar:/Users/hupo/.m2/repository/net/sourceforge/htmlunit/htmlunit-cssparser/1.0.0/htmlunit-cssparser-1.0.0.jar:/Users/hupo/.m2/repository/commons-io/commons-io/2.6/commons-io-2.6.jar:/Users/hupo/.m2/repository/commons-logging/commons-logging/1.2/commons-logging-1.2.jar:/Users/hupo/.m2/repository/commons-net/commons-net/3.6/commons-net-3.6.jar:/Users/hupo/.m2/repository/org/eclipse/jetty/websocket/websocket-client/9.4.9.v20180320/websocket-client-9.4.9.v20180320.jar:/Users/hupo/.m2/repository/org/eclipse/jetty/jetty-client/9.4.9.v20180320/jetty-client-9.4.9.v20180320.jar:/Users/hupo/.m2/repository/org/eclipse/jetty/jetty-http/9.4.9.v20180320/jetty-http-9.4.9.v20180320.jar:/Users/hupo/.m2/repository/org/eclipse/jetty/jetty-xml/9.4.9.v20180320/jetty-xml-9.4.9.v20180320.jar:/Users/hupo/.m2/repository/org/eclipse/jetty/jetty-util/9.4.9.v20180320/jetty-util-9.4.9.v20180320.jar:/Users/hupo/.m2/repository/org/eclipse/jetty/jetty-io/9.4.9.v20180320/jetty-io-9.4.9.v20180320.jar:/Users/hupo/.m2/repository/org/eclipse/jetty/websocket/websocket-common/9.4.9.v20180320/websocket-common-9.4.9.v20180320.jar:/Users/hupo/.m2/repository/org/eclipse/jetty/websocket/websocket-api/9.4.9.v20180320/websocket-api-9.4.9.v20180320.jar:/Users/hupo/.m2/repository/com/aventstack/extentreports/3.0.7/extentreports-3.0.7.jar:/Users/hupo/.m2/repository/org/freemarker/freemarker/2.3.23/freemarker-2.3.23.jar:/Users/hupo/.m2/repository/org/mongodb/mongodb-driver/3.3.0/mongodb-driver-3.3.0.jar:/Users/hupo/.m2/repository/org/mongodb/bson/3.3.0/bson-3.3.0.jar:/Users/hupo/.m2/repository/org/mongodb/mongodb-driver-core/3.3.0/mongodb-driver-core-3.3.0.jar:/Users/hupo/.m2/repository/org/jsoup/jsoup/1.9.2/jsoup-1.9.2.jar:/Users/hupo/.m2/repository/org/apache/commons/commons-pool2/2.6.1/commons-pool2-2.6.1.jar:/Users/hupo/.m2/repository/redis/clients/jedis/3.0.1/jedis-3.0.1.jar:/Users/hupo/.m2/repository/org/apache/poi/poi/4.1.0/poi-4.1.0.jar:/Users/hupo/.m2/repository/commons-codec/commons-codec/1.12/commons-codec-1.12.jar:/Users/hupo/.m2/repository/org/apache/commons/commons-collections4/4.3/commons-collections4-4.3.jar:/Users/hupo/.m2/repository/org/apache/commons/commons-math3/3.6.1/commons-math3-3.6.1.jar:/Users/hupo/.m2/repository/org/apache/poi/poi-ooxml/4.1.0/poi-ooxml-4.1.0.jar:/Users/hupo/.m2/repository/org/apache/poi/poi-ooxml-schemas/4.1.0/poi-ooxml-schemas-4.1.0.jar:/Users/hupo/.m2/repository/org/apache/xmlbeans/xmlbeans/3.1.0/xmlbeans-3.1.0.jar:/Users/hupo/.m2/repository/org/apache/commons/commons-compress/1.18/commons-compress-1.18.jar:/Users/hupo/.m2/repository/com/github/virtuald/curvesapi/1.06/curvesapi-1.06.jar:/Users/hupo/.m2/repository/org/apache/httpcomponents/httpclient/4.5.9/httpclient-4.5.9.jar:/Users/hupo/.m2/repository/org/apache/httpcomponents/httpcore/4.4.11/httpcore-4.4.11.jar:/Users/hupo/.m2/repository/com/google/code/gson/gson/2.8.5/gson-2.8.5.jar:/Users/hupo/.m2/repository/io/qameta/allure/allure-testng/2.13.5/allure-testng-2.13.5.jar:/Users/hupo/.m2/repository/io/qameta/allure/allure-java-commons/2.13.5/allure-java-commons-2.13.5.jar:/Users/hupo/.m2/repository/io/qameta/allure/allure-model/2.13.5/allure-model-2.13.5.jar:/Users/hupo/.m2/repository/com/fasterxml/jackson/core/jackson-databind/2.9.8/jackson-databind-2.9.8.jar:/Users/hupo/.m2/repository/com/fasterxml/jackson/core/jackson-annotations/2.9.0/jackson-annotations-2.9.0.jar:/Users/hupo/.m2/repository/com/fasterxml/jackson/core/jackson-core/2.9.8/jackson-core-2.9.8.jar:/Users/hupo/.m2/repository/org/apache/tika/tika-core/1.20/tika-core-1.20.jar:/Users/hupo/.m2/repository/org/jooq/joor-java-8/0.9.10/joor-java-8-0.9.10.jar:"/>
    <property name="java.vm.vendor" value="Oracle Corporation"/>
    <property name="sun.arch.data.model" value="64"/>
    <property name="java.vendor.url" value="http://java.oracle.com/"/>
    <property name="user.timezone" value=""/>
    <property name="java.vm.specification.version" value="1.8"/>
    <property name="os.name" value="Mac OS X"/>
    <property name="user.country" value="CN"/>
    <property name="sun.java.launcher" value="SUN_STANDARD"/>
    <property name="sun.boot.library.path" value="/Library/Java/JavaVirtualMachines/jdk1.8.0_181.jdk/Contents/Home/jre/lib"/>
    <property name="sun.java.command" value="/Derrick/SZ/selenium_hupo/target/surefire/surefirebooter4516600337251043337.jar /Derrick/SZ/selenium_hupo/target/surefire 2021-02-24T19-53-53_098-jvmRun1 surefire5512460608661214187tmp surefire_0165828731560065328tmp"/>
    <property name="surefire.test.class.path" value="/Derrick/SZ/selenium_hupo/target/test-classes:/Derrick/SZ/selenium_hupo/target/classes:/Users/hupo/.m2/repository/org/projectlombok/lombok/1.18.4/lombok-1.18.4.jar:/Users/hupo/.m2/repository/junit/junit/4.12/junit-4.12.jar:/Users/hupo/.m2/repository/org/hamcrest/hamcrest-core/1.3/hamcrest-core-1.3.jar:/Users/hupo/.m2/repository/org/slf4j/slf4j-api/1.7.25/slf4j-api-1.7.25.jar:/Users/hupo/.m2/repository/org/apache/logging/log4j/log4j-api/2.11.1/log4j-api-2.11.1.jar:/Users/hupo/.m2/repository/org/apache/logging/log4j/log4j-core/2.11.1/log4j-core-2.11.1.jar:/Users/hupo/.m2/repository/org/apache/logging/log4j/log4j-slf4j-impl/2.11.1/log4j-slf4j-impl-2.11.1.jar:/Users/hupo/.m2/repository/org/testng/testng/6.14.3/testng-6.14.3.jar:/Users/hupo/.m2/repository/com/beust/jcommander/1.72/jcommander-1.72.jar:/Users/hupo/.m2/repository/org/apache-extras/beanshell/bsh/2.0b6/bsh-2.0b6.jar:/Users/hupo/.m2/repository/org/seleniumhq/selenium/selenium-java/3.141.59/selenium-java-3.141.59.jar:/Users/hupo/.m2/repository/org/seleniumhq/selenium/selenium-api/3.141.59/selenium-api-3.141.59.jar:/Users/hupo/.m2/repository/org/seleniumhq/selenium/selenium-chrome-driver/3.141.59/selenium-chrome-driver-3.141.59.jar:/Users/hupo/.m2/repository/org/seleniumhq/selenium/selenium-edge-driver/3.141.59/selenium-edge-driver-3.141.59.jar:/Users/hupo/.m2/repository/org/seleniumhq/selenium/selenium-firefox-driver/3.141.59/selenium-firefox-driver-3.141.59.jar:/Users/hupo/.m2/repository/org/seleniumhq/selenium/selenium-ie-driver/3.141.59/selenium-ie-driver-3.141.59.jar:/Users/hupo/.m2/repository/org/seleniumhq/selenium/selenium-opera-driver/3.141.59/selenium-opera-driver-3.141.59.jar:/Users/hupo/.m2/repository/org/seleniumhq/selenium/selenium-remote-driver/3.141.59/selenium-remote-driver-3.141.59.jar:/Users/hupo/.m2/repository/org/seleniumhq/selenium/selenium-safari-driver/3.141.59/selenium-safari-driver-3.141.59.jar:/Users/hupo/.m2/repository/org/seleniumhq/selenium/selenium-support/3.141.59/selenium-support-3.141.59.jar:/Users/hupo/.m2/repository/net/bytebuddy/byte-buddy/1.8.15/byte-buddy-1.8.15.jar:/Users/hupo/.m2/repository/org/apache/commons/commons-exec/1.3/commons-exec-1.3.jar:/Users/hupo/.m2/repository/com/google/guava/guava/25.0-jre/guava-25.0-jre.jar:/Users/hupo/.m2/repository/com/google/code/findbugs/jsr305/1.3.9/jsr305-1.3.9.jar:/Users/hupo/.m2/repository/org/checkerframework/checker-compat-qual/2.0.0/checker-compat-qual-2.0.0.jar:/Users/hupo/.m2/repository/com/google/errorprone/error_prone_annotations/2.1.3/error_prone_annotations-2.1.3.jar:/Users/hupo/.m2/repository/com/google/j2objc/j2objc-annotations/1.1/j2objc-annotations-1.1.jar:/Users/hupo/.m2/repository/org/codehaus/mojo/animal-sniffer-annotations/1.14/animal-sniffer-annotations-1.14.jar:/Users/hupo/.m2/repository/com/squareup/okhttp3/okhttp/3.11.0/okhttp-3.11.0.jar:/Users/hupo/.m2/repository/com/squareup/okio/okio/1.14.0/okio-1.14.0.jar:/Users/hupo/.m2/repository/net/sourceforge/htmlunit/htmlunit/2.30/htmlunit-2.30.jar:/Users/hupo/.m2/repository/xalan/xalan/2.7.2/xalan-2.7.2.jar:/Users/hupo/.m2/repository/xalan/serializer/2.7.2/serializer-2.7.2.jar:/Users/hupo/.m2/repository/org/apache/commons/commons-lang3/3.7/commons-lang3-3.7.jar:/Users/hupo/.m2/repository/org/apache/commons/commons-text/1.3/commons-text-1.3.jar:/Users/hupo/.m2/repository/org/apache/httpcomponents/httpmime/4.5.5/httpmime-4.5.5.jar:/Users/hupo/.m2/repository/net/sourceforge/htmlunit/htmlunit-core-js/2.28/htmlunit-core-js-2.28.jar:/Users/hupo/.m2/repository/net/sourceforge/htmlunit/neko-htmlunit/2.30/neko-htmlunit-2.30.jar:/Users/hupo/.m2/repository/xerces/xercesImpl/2.11.0/xercesImpl-2.11.0.jar:/Users/hupo/.m2/repository/xml-apis/xml-apis/1.4.01/xml-apis-1.4.01.jar:/Users/hupo/.m2/repository/net/sourceforge/htmlunit/htmlunit-cssparser/1.0.0/htmlunit-cssparser-1.0.0.jar:/Users/hupo/.m2/repository/commons-io/commons-io/2.6/commons-io-2.6.jar:/Users/hupo/.m2/repository/commons-logging/commons-logging/1.2/commons-logging-1.2.jar:/Users/hupo/.m2/repository/commons-net/commons-net/3.6/commons-net-3.6.jar:/Users/hupo/.m2/repository/org/eclipse/jetty/websocket/websocket-client/9.4.9.v20180320/websocket-client-9.4.9.v20180320.jar:/Users/hupo/.m2/repository/org/eclipse/jetty/jetty-client/9.4.9.v20180320/jetty-client-9.4.9.v20180320.jar:/Users/hupo/.m2/repository/org/eclipse/jetty/jetty-http/9.4.9.v20180320/jetty-http-9.4.9.v20180320.jar:/Users/hupo/.m2/repository/org/eclipse/jetty/jetty-xml/9.4.9.v20180320/jetty-xml-9.4.9.v20180320.jar:/Users/hupo/.m2/repository/org/eclipse/jetty/jetty-util/9.4.9.v20180320/jetty-util-9.4.9.v20180320.jar:/Users/hupo/.m2/repository/org/eclipse/jetty/jetty-io/9.4.9.v20180320/jetty-io-9.4.9.v20180320.jar:/Users/hupo/.m2/repository/org/eclipse/jetty/websocket/websocket-common/9.4.9.v20180320/websocket-common-9.4.9.v20180320.jar:/Users/hupo/.m2/repository/org/eclipse/jetty/websocket/websocket-api/9.4.9.v20180320/websocket-api-9.4.9.v20180320.jar:/Users/hupo/.m2/repository/com/aventstack/extentreports/3.0.7/extentreports-3.0.7.jar:/Users/hupo/.m2/repository/org/freemarker/freemarker/2.3.23/freemarker-2.3.23.jar:/Users/hupo/.m2/repository/org/mongodb/mongodb-driver/3.3.0/mongodb-driver-3.3.0.jar:/Users/hupo/.m2/repository/org/mongodb/bson/3.3.0/bson-3.3.0.jar:/Users/hupo/.m2/repository/org/mongodb/mongodb-driver-core/3.3.0/mongodb-driver-core-3.3.0.jar:/Users/hupo/.m2/repository/org/jsoup/jsoup/1.9.2/jsoup-1.9.2.jar:/Users/hupo/.m2/repository/org/apache/commons/commons-pool2/2.6.1/commons-pool2-2.6.1.jar:/Users/hupo/.m2/repository/redis/clients/jedis/3.0.1/jedis-3.0.1.jar:/Users/hupo/.m2/repository/org/apache/poi/poi/4.1.0/poi-4.1.0.jar:/Users/hupo/.m2/repository/commons-codec/commons-codec/1.12/commons-codec-1.12.jar:/Users/hupo/.m2/repository/org/apache/commons/commons-collections4/4.3/commons-collections4-4.3.jar:/Users/hupo/.m2/repository/org/apache/commons/commons-math3/3.6.1/commons-math3-3.6.1.jar:/Users/hupo/.m2/repository/org/apache/poi/poi-ooxml/4.1.0/poi-ooxml-4.1.0.jar:/Users/hupo/.m2/repository/org/apache/poi/poi-ooxml-schemas/4.1.0/poi-ooxml-schemas-4.1.0.jar:/Users/hupo/.m2/repository/org/apache/xmlbeans/xmlbeans/3.1.0/xmlbeans-3.1.0.jar:/Users/hupo/.m2/repository/org/apache/commons/commons-compress/1.18/commons-compress-1.18.jar:/Users/hupo/.m2/repository/com/github/virtuald/curvesapi/1.06/curvesapi-1.06.jar:/Users/hupo/.m2/repository/org/apache/httpcomponents/httpclient/4.5.9/httpclient-4.5.9.jar:/Users/hupo/.m2/repository/org/apache/httpcomponents/httpcore/4.4.11/httpcore-4.4.11.jar:/Users/hupo/.m2/repository/com/google/code/gson/gson/2.8.5/gson-2.8.5.jar:/Users/hupo/.m2/repository/io/qameta/allure/allure-testng/2.13.5/allure-testng-2.13.5.jar:/Users/hupo/.m2/repository/io/qameta/allure/allure-java-commons/2.13.5/allure-java-commons-2.13.5.jar:/Users/hupo/.m2/repository/io/qameta/allure/allure-model/2.13.5/allure-model-2.13.5.jar:/Users/hupo/.m2/repository/com/fasterxml/jackson/core/jackson-databind/2.9.8/jackson-databind-2.9.8.jar:/Users/hupo/.m2/repository/com/fasterxml/jackson/core/jackson-annotations/2.9.0/jackson-annotations-2.9.0.jar:/Users/hupo/.m2/repository/com/fasterxml/jackson/core/jackson-core/2.9.8/jackson-core-2.9.8.jar:/Users/hupo/.m2/repository/org/apache/tika/tika-core/1.20/tika-core-1.20.jar:/Users/hupo/.m2/repository/org/jooq/joor-java-8/0.9.10/joor-java-8-0.9.10.jar:"/>
    <property name="sun.cpu.endian" value="little"/>
    <property name="user.home" value="/Users/hupo"/>
    <property name="user.language" value="zh"/>
    <property name="java.specification.vendor" value="Oracle Corporation"/>
    <property name="java.home" value="/Library/Java/JavaVirtualMachines/jdk1.8.0_181.jdk/Contents/Home/jre"/>
    <property name="basedir" value="/Derrick/SZ/selenium_hupo"/>
    <property name="file.separator" value="/"/>
    <property name="line.separator" value="&#10;"/>
    <property name="java.vm.specification.vendor" value="Oracle Corporation"/>
    <property name="java.specification.name" value="Java Platform API Specification"/>
    <property name="java.awt.graphicsenv" value="sun.awt.CGraphicsEnvironment"/>
    <property name="surefire.real.class.path" value="/Derrick/SZ/selenium_hupo/target/surefire/surefirebooter4516600337251043337.jar"/>
    <property name="sun.boot.class.path" value="/Library/Java/JavaVirtualMachines/jdk1.8.0_181.jdk/Contents/Home/jre/lib/resources.jar:/Library/Java/JavaVirtualMachines/jdk1.8.0_181.jdk/Contents/Home/jre/lib/rt.jar:/Library/Java/JavaVirtualMachines/jdk1.8.0_181.jdk/Contents/Home/jre/lib/sunrsasign.jar:/Library/Java/JavaVirtualMachines/jdk1.8.0_181.jdk/Contents/Home/jre/lib/jsse.jar:/Library/Java/JavaVirtualMachines/jdk1.8.0_181.jdk/Contents/Home/jre/lib/jce.jar:/Library/Java/JavaVirtualMachines/jdk1.8.0_181.jdk/Contents/Home/jre/lib/charsets.jar:/Library/Java/JavaVirtualMachines/jdk1.8.0_181.jdk/Contents/Home/jre/lib/jfr.jar:/Library/Java/JavaVirtualMachines/jdk1.8.0_181.jdk/Contents/Home/jre/classes"/>
    <property name="sun.management.compiler" value="HotSpot 64-Bit Tiered Compilers"/>
    <property name="java.runtime.version" value="1.8.0_181-b13"/>
    <property name="user.name" value="hupo"/>
    <property name="path.separator" value=":"/>
    <property name="os.version" value="10.14.6"/>
    <property name="java.endorsed.dirs" value="/Library/Java/JavaVirtualMachines/jdk1.8.0_181.jdk/Contents/Home/jre/lib/endorsed"/>
    <property name="java.runtime.name" value="Java(TM) SE Runtime Environment"/>
    <property name="file.encoding" value="UTF-8"/>
    <property name="java.vm.name" value="Java HotSpot(TM) 64-Bit Server VM"/>
    <property name="localRepository" value="/Users/hupo/.m2/repository"/>
    <property name="java.vendor.url.bug" value="http://bugreport.sun.com/bugreport/"/>
    <property name="java.io.tmpdir" value="/var/folders/1y/pp3cf5693d3_3swcx3xwwxgh0000gn/T/"/>
    <property name="idea.version" value="2020.3.2"/>
    <property name="java.version" value="1.8.0_181"/>
    <property name="user.dir" value="/Derrick/SZ/selenium_hupo"/>
    <property name="os.arch" value="x86_64"/>
    <property name="java.vm.specification.name" value="Java Virtual Machine Specification"/>
    <property name="java.awt.printerjob" value="sun.lwawt.macosx.CPrinterJob"/>
    <property name="sun.os.patch.level" value="unknown"/>
    <property name="java.library.path" value="/Users/hupo/Library/Java/Extensions:/Library/Java/Extensions:/Network/Library/Java/Extensions:/System/Library/Java/Extensions:/usr/lib/java:."/>
    <property name="java.vm.info" value="mixed mode"/>
    <property name="java.vendor" value="Oracle Corporation"/>
    <property name="java.vm.version" value="25.181-b13"/>
    <property name="java.ext.dirs" value="/Users/hupo/Library/Java/Extensions:/Library/Java/JavaVirtualMachines/jdk1.8.0_181.jdk/Contents/Home/jre/lib/ext:/Library/Java/Extensions:/Network/Library/Java/Extensions:/System/Library/Java/Extensions:/usr/lib/java"/>
    <property name="sun.io.unicode.encoding" value="UnicodeBig"/>
    <property name="java.class.version" value="52.0"/>
  </properties>
  <testcase name="testSearch" classname="com.abcnull.testcase.BaiduTest" time="12.026">
    <failure message="Expected condition failed: waiting for title to contain &quot;Hello world&quot;. Current title: &quot;abcnulls_百度搜索&quot; (tried for 10 second(s) with 500 milliseconds interval)&#10;Build info: version: &apos;3.141.59&apos;, revision: &apos;e82be7d358&apos;, time: &apos;2018-11-14T08:17:03&apos;&#10;System info: host: &apos;Derrick.local&apos;, ip: &apos;fe80:0:0:0:18f2:8cc:bdce:a784%en0&apos;, os.name: &apos;Mac OS X&apos;, os.arch: &apos;x86_64&apos;, os.version: &apos;10.14.6&apos;, java.version: &apos;1.8.0_181&apos;&#10;Driver info: org.openqa.selenium.chrome.ChromeDriver&#10;Capabilities {acceptInsecureCerts: false, browserName: chrome, browserVersion: 88.0.4324.192, chrome: {chromedriverVersion: 88.0.4324.96 (68dba2d8a0b14..., userDataDir: /var/folders/1y/pp3cf5693d3...}, goog:chromeOptions: {debuggerAddress: localhost:50670}, javascriptEnabled: true, networkConnectionEnabled: false, pageLoadStrategy: normal, platform: MAC, platformName: MAC, proxy: Proxy(), setWindowRect: true, strictFileInteractability: false, timeouts: {implicit: 0, pageLoad: 300000, script: 30000}, unhandledPromptBehavior: dismiss and notify, webauthn:extension:largeBlob: true, webauthn:virtualAuthenticators: true}&#10;Session ID: 8452c38d999abbd813ae8fef4c7f0932" type="org.openqa.selenium.TimeoutException">org.openqa.selenium.TimeoutException: 
Expected condition failed: waiting for title to contain "Hello world". Current title: "abcnulls_百度搜索" (tried for 10 second(s) with 500 milliseconds interval)
Build info: version: '3.141.59', revision: 'e82be7d358', time: '2018-11-14T08:17:03'
System info: host: 'Derrick.local', ip: 'fe80:0:0:0:18f2:8cc:bdce:a784%en0', os.name: 'Mac OS X', os.arch: 'x86_64', os.version: '10.14.6', java.version: '1.8.0_181'
Driver info: org.openqa.selenium.chrome.ChromeDriver
Capabilities {acceptInsecureCerts: false, browserName: chrome, browserVersion: 88.0.4324.192, chrome: {chromedriverVersion: 88.0.4324.96 (68dba2d8a0b14..., userDataDir: /var/folders/1y/pp3cf5693d3...}, goog:chromeOptions: {debuggerAddress: localhost:50670}, javascriptEnabled: true, networkConnectionEnabled: false, pageLoadStrategy: normal, platform: MAC, platformName: MAC, proxy: Proxy(), setWindowRect: true, strictFileInteractability: false, timeouts: {implicit: 0, pageLoad: 300000, script: 30000}, unhandledPromptBehavior: dismiss and notify, webauthn:extension:largeBlob: true, webauthn:virtualAuthenticators: true}
Session ID: 8452c38d999abbd813ae8fef4c7f0932
	at com.abcnull.testcase.BaiduTest.testSearch(BaiduTest.java:34)
</failure>
    <system-out><![CDATA[[TestNG] [WARN] AnnotationTransformer already set
[TestNG] [WARN] Ignoring duplicate listener : com.abcnull.listener.TestLogListener
[TestNG] [WARN] Ignoring duplicate listener : com.abcnull.listener.TestReportListener
[TestNG] [WARN] Ignoring duplicate listener : com.abcnull.listener.ExtentTestReporterListener
testSearch Priority = 100000001
**       **       **  ******  *****   **     **  ***
  *     *  *     *    *       *   *    *     *    *
   *   *    *   *     *****   ******   *     *    *
    * *      * *      *       *    *   *     *    *
     *        *       ******  ******   *******   ***

  *******  ******  ******  *******        **     ***
     *     *       *          *         *  *      *
     *     *****   ******     *       ********    *
     *     *            *     *            *      *
     *     ******  ******     *            *    ***
2021-02-24 19:54:04.348 [main-36] INFO  com.abcnull.util.PropertiesReader.readProperties - 读取项目配置文件
2021-02-24 19:54:04.354 [main-59] INFO  com.abcnull.util.RedisUtil.initJedisPool - 开始初始化 redis 连接池
2021-02-24 19:54:04.354 [main-67] ERROR com.abcnull.util.RedisUtil.initJedisPool - redis 连接池生成失败！
2021-02-24 19:54:04.358 [TestNG-tests-1-26] INFO  com.abcnull.listener.TestLogListener.onStart - ====================百度测试开始====================
2021-02-24 19:54:04.365 [TestNG-tests-1-91] ERROR com.abcnull.util.RedisUtil.initJedis - 从连接池中生成一个新的连接失败！
2021-02-24 19:54:06.282 [TestNG-tests-1-107] INFO  com.abcnull.basetest.BaseDriver.startBrowser - 浏览器：chrome 成功启动！
2021-02-24 19:54:06.295 [TestNG-tests-1-37] INFO  com.abcnull.listener.TestLogListener.onTestStart - ========com.abcnull.testcase.BaiduTest.testSearch测试开始========
2021-02-24 19:54:16.352 [TestNG-tests-1-42] INFO  com.abcnull.pageobject.page.BaiduPage.enterPage - 跳转进入百度页面
2021-02-24 19:54:17.051 [TestNG-tests-1-52] INFO  com.abcnull.pageobject.page.BaiduPage.search - 搜索
2021-02-24 19:54:27.565 [TestNG-tests-1-59] ERROR com.abcnull.listener.TestLogListener.onTestFailure - ========com.abcnull.testcase.BaiduTest.testSearch测试失败,失败原因如下：
org.openqa.selenium.TimeoutException: Expected condition failed: waiting for title to contain "Hello world". Current title: "abcnulls_百度搜索" (tried for 10 second(s) with 500 milliseconds interval)
Build info: version: '3.141.59', revision: 'e82be7d358', time: '2018-11-14T08:17:03'
System info: host: 'Derrick.local', ip: 'fe80:0:0:0:18f2:8cc:bdce:a784%en0', os.name: 'Mac OS X', os.arch: 'x86_64', os.version: '10.14.6', java.version: '1.8.0_181'
Driver info: org.openqa.selenium.chrome.ChromeDriver
Capabilities {acceptInsecureCerts: false, browserName: chrome, browserVersion: 88.0.4324.192, chrome: {chromedriverVersion: 88.0.4324.96 (68dba2d8a0b14..., userDataDir: /var/folders/1y/pp3cf5693d3...}, goog:chromeOptions: {debuggerAddress: localhost:50670}, javascriptEnabled: true, networkConnectionEnabled: false, pageLoadStrategy: normal, platform: MAC, platformName: MAC, proxy: Proxy(), setWindowRect: true, strictFileInteractability: false, timeouts: {implicit: 0, pageLoad: 300000, script: 30000}, unhandledPromptBehavior: dismiss and notify, webauthn:extension:largeBlob: true, webauthn:virtualAuthenticators: true}
Session ID: 8452c38d999abbd813ae8fef4c7f0932========
2021-02-24 19:54:27.567 [TestNG-tests-1-37] INFO  com.abcnull.util.ScreenshotUtil.capture - 开始截图
]]></system-out>
    <system-err><![CDATA[Starting ChromeDriver 88.0.4324.96 (68dba2d8a0b149a1d3afac56fa74648032bcf46b-refs/branch-heads/4324@{#1784}) on port 30686
Only local connections are allowed.
Please see https://chromedriver.chromium.org/security-considerations for suggestions on keeping ChromeDriver safe.
ChromeDriver was started successfully.
二月 24, 2021 7:54:06 下午 org.openqa.selenium.remote.ProtocolHandshake createSession
信息: Detected dialect: W3C
]]></system-err>
  </testcase>
</testsuite>